[22:00:21] [main/WARN]: Ambiguity between arguments [teleport, destination] and [teleport, targets] with inputs: [Player, 0123, @e, dd12be42-52a9-4a91-a8a1-11c01849e498]
[22:00:21] [main/WARN]: Ambiguity between arguments [teleport, location] and [teleport, destination] with inputs: [0.1 -0.5 .9, 0 0 0]
[22:00:21] [main/WARN]: Ambiguity between arguments [teleport, location] and [teleport, targets] with inputs: [0.1 -0.5 .9, 0 0 0]
[22:00:21] [main/WARN]: Ambiguity between arguments [teleport, targets] and [teleport, destination] with inputs: [Player, 0123, dd12be42-52a9-4a91-a8a1-11c01849e498]
[22:00:21] [main/WARN]: Ambiguity between arguments [teleport, targets, location] and [teleport, targets, destination] with inputs: [0.1 -0.5 .9, 0 0 0]
[22:00:27] [Server thread/INFO]: Starting minecraft server version 1.14.4
[22:00:27] [Server thread/INFO]: Loading properties
[22:00:27] [Server thread/INFO]: Default game type: SURVIVAL
[22:00:27] [Server thread/INFO]: Generating keypair
[22:00:27] [Server thread/INFO]: Starting Minecraft server on *:25565
[22:00:27] [Server thread/INFO]: Using default channel type
[22:00:32] [Server thread/INFO]: Preparing level "world"
[22:00:33] [Server thread/INFO]: Found new data pack vanilla, loading it automatically
[22:00:33] [Server thread/INFO]: Reloading ResourceManager: Default
[22:00:33] [Server thread/INFO]: Loaded 6 recipes
[22:00:34] [Server thread/INFO]: Loaded 811 advancements
[22:00:44] [Server thread/INFO]: Preparing start region for dimension minecraft:overworld
[22:00:44] [Server-Worker-2/INFO]: Preparing spawn area: 0%
[22:00:44] [Server-Worker-1/INFO]: Preparing spawn area: 0%
[22:00:45] [Server-Worker-2/INFO]: Preparing spawn area: 0%
[22:00:45] [Server-Worker-1/INFO]: Preparing spawn area: 0%
[22:00:46] [Server-Worker-1/INFO]: Preparing spawn area: 0%
[22:00:46] [Server-Worker-2/INFO]: Preparing spawn area: 0%
[22:00:47] [Server-Worker-2/INFO]: Preparing spawn area: 1%
[22:00:47] [Server-Worker-1/INFO]: Preparing spawn area: 2%
[22:00:48] [Server-Worker-1/INFO]: Preparing spawn area: 3%
[22:00:48] [Server-Worker-3/INFO]: Preparing spawn area: 3%
[22:00:49] [Server-Worker-2/INFO]: Preparing spawn area: 4%
[22:00:49] [Server-Worker-2/INFO]: Preparing spawn area: 4%
[22:00:50] [Server-Worker-3/INFO]: Preparing spawn area: 8%
[22:00:50] [Server-Worker-2/INFO]: Preparing spawn area: 8%
[22:00:51] [Server-Worker-2/INFO]: Preparing spawn area: 8%
[22:00:51] [Server-Worker-3/INFO]: Preparing spawn area: 11%
[22:00:52] [Server-Worker-3/INFO]: Preparing spawn area: 11%
[22:00:52] [Server-Worker-1/INFO]: Preparing spawn area: 13%
[22:00:53] [Server-Worker-3/INFO]: Preparing spawn area: 14%
[22:00:53] [Server-Worker-1/INFO]: Preparing spawn area: 14%
[22:00:54] [Server-Worker-1/INFO]: Preparing spawn area: 16%
[22:00:54] [Server-Worker-1/INFO]: Preparing spawn area: 17%
[22:00:55] [Server-Worker-2/INFO]: Preparing spawn area: 17%
[22:00:55] [Server-Worker-2/INFO]: Preparing spawn area: 20%
[22:00:56] [Server-Worker-1/INFO]: Preparing spawn area: 21%
[22:00:56] [Server-Worker-2/INFO]: Preparing spawn area: 21%
[22:00:57] [Server-Worker-2/INFO]: Preparing spawn area: 24%
[22:00:57] [Server-Worker-1/INFO]: Preparing spawn area: 24%
[22:00:58] [Server-Worker-1/INFO]: Preparing spawn area: 26%
[22:00:58] [Server-Worker-1/INFO]: Preparing spawn area: 28%
[22:00:59] [Server-Worker-3/INFO]: Preparing spawn area: 28%
[22:00:59] [Server-Worker-2/INFO]: Preparing spawn area: 32%
[22:01:00] [Server-Worker-1/INFO]: Preparing spawn area: 32%
[22:01:00] [Server-Worker-1/INFO]: Preparing spawn area: 34%
[22:01:02] [Server-Worker-3/INFO]: Preparing spawn area: 37%
[22:01:02] [Server-Worker-1/INFO]: Preparing spawn area: 37%
[22:01:02] [Server-Worker-1/INFO]: Preparing spawn area: 37%
[22:01:04] [Server-Worker-1/INFO]: Preparing spawn area: 43%
[22:01:04] [Server-Worker-3/INFO]: Preparing spawn area: 43%
[22:01:04] [Server-Worker-3/INFO]: Preparing spawn area: 43%
[22:01:04] [Server-Worker-3/INFO]: Preparing spawn area: 43%
[22:01:04] [Server-Worker-1/INFO]: Preparing spawn area: 47%
[22:01:05] [Server-Worker-1/INFO]: Preparing spawn area: 50%
[22:01:05] [Server-Worker-1/INFO]: Preparing spawn area: 50%
[22:01:06] [Server-Worker-2/INFO]: Preparing spawn area: 57%
[22:01:06] [Server-Worker-1/INFO]: Preparing spawn area: 60%
[22:01:07] [Server-Worker-3/INFO]: Preparing spawn area: 64%
[22:01:07] [Server-Worker-3/INFO]: Preparing spawn area: 68%
[22:01:08] [Server-Worker-1/INFO]: Preparing spawn area: 71%
[22:01:08] [Server-Worker-1/INFO]: Preparing spawn area: 74%
[22:01:09] [Server-Worker-2/INFO]: Preparing spawn area: 76%
[22:01:09] [Server-Worker-1/INFO]: Preparing spawn area: 81%
[22:01:10] [Server-Worker-1/INFO]: Preparing spawn area: 83%
[22:01:10] [Server-Worker-2/INFO]: Preparing spawn area: 87%
[22:01:11] [Server-Worker-3/INFO]: Preparing spawn area: 89%
[22:01:11] [Server-Worker-3/INFO]: Preparing spawn area: 93%
[22:01:12] [Server-Worker-1/INFO]: Preparing spawn area: 97%
[22:01:12] [Server thread/INFO]: Time elapsed: 28366 ms
[22:01:12] [Server thread/INFO]: Done (39.487s)! For help, type "help"
[22:06:14] [Server thread/WARN]: Can't keep up! Is the server overloaded? Running 2197ms or 43 ticks behind
[22:08:07] [User Authenticator #1/INFO]: UUID of player san_goloteado is a783682f-da07-4a12-99a3-0eb2fe7c4bc7
[22:08:07] [Server thread/INFO]: san_goloteado[/192.168.1.75:51275] logged in with entity id 242 at (-79.5, 72.0, 111.5)
[22:08:07] [Server thread/INFO]: san_goloteado joined the game
[22:09:13] [Server thread/INFO]: Made san_goloteado a server operator
[22:09:42] [Server thread/INFO]: san_goloteado lost connection: Disconnected
[22:09:42] [Server thread/INFO]: san_goloteado left the game
[22:09:45] [Server thread/INFO]: Stopping server
[22:09:45] [Server thread/INFO]: Saving players
[22:09:45] [Server thread/INFO]: Saving worlds
[22:09:45] [Server thread/INFO]: Saving chunks for level 'world'/minecraft:the_end
[22:09:45] [Server thread/INFO]: ThreadedAnvilChunkStorage (DIM1): All chunks are saved
[22:09:45] [Server thread/INFO]: Saving chunks for level 'world'/minecraft:the_nether
[22:09:45] [Server thread/INFO]: ThreadedAnvilChunkStorage (DIM-1): All chunks are saved
[22:09:45] [Server thread/INFO]: Saving chunks for level 'world'/minecraft:overworld
[22:09:46] [Server thread/INFO]: ThreadedAnvilChunkStorage (world): All chunks are saved
[22:09:46] [Server thread/INFO]: ThreadedAnvilChunkStorage (DIM1): All chunks are saved
[22:09:46] [Server thread/INFO]: ThreadedAnvilChunkStorage (DIM-1): All chunks are saved
[22:09:46] [Server thread/INFO]: ThreadedAnvilChunkStorage (world): All chunks are saved
